This file contains any messages produced by compilers while
running configure, to aid debugging if configure makes a mistake.

It was created by AFiD configure 1.1, which was
generated by GNU Autoconf 2.69.  Invocation command line was

  $ ./configure --no-create --no-recursion

## --------- ##
## Platform. ##
## --------- ##

hostname = legendre
uname -m = x86_64
uname -r = 3.10.0-514.21.1.el7.x86_64
uname -s = Linux
uname -v = #1 SMP Thu May 25 17:04:51 UTC 2017

/usr/bin/uname -p = x86_64
/bin/uname -X     = unknown

/bin/arch              = x86_64
/usr/bin/arch -k       = unknown
/usr/convex/getsysinfo = unknown
/usr/bin/hostinfo      = unknown
/bin/machine           = unknown
/usr/bin/oslevel       = unknown
/bin/universe          = unknown

PATH: /opt/intel/advisor_2017.1.2.501009/bin64
PATH: /opt/intel/vtune_amplifier_xe_2017.2.0.499904/bin64
PATH: /opt/intel/inspector_2017.1.2.497970/bin64
PATH: /opt/intel/itac/2017.2.028/intel64/bin
PATH: /opt/intel//itac/2017.2.028/intel64/bin
PATH: /opt/intel//itac/2017.2.028/intel64/bin
PATH: /opt/intel//clck/2017.2.019/bin/intel64
PATH: /opt/intel/compilers_and_libraries_2017.2.174/linux/bin/intel64
PATH: /opt/intel/compilers_and_libraries_2017.2.174/linux/mpi/intel64/bin
PATH: /opt/intel/debugger_2017/gdb/intel64_mic/bin
PATH: /home/am13d022/soft/build_hdf5-master/util/bin
PATH: /usr/ansys_inc/v172/icemcfd/linux64_amd/bin
PATH: /usr/local/cuda-7.5/bin
PATH: /usr/local/bin
PATH: /usr/ansys_inc/v172/icemcfd/linux64_amd/bin
PATH: /usr/local/cuda-7.5/bin
PATH: /usr/local/bin
PATH: /opt/intel/compilers_and_libraries_2017.2.174/linux/bin/intel64
PATH: /opt/intel/compilers_and_libraries_2017.2.174/linux/mpi/intel64/bin
PATH: /opt/intel/debugger_2017/gdb/intel64_mic/bin
PATH: /home1/oth/Allinea/allinea/tools/bin
PATH: /sware/comsol/COMSOL43/bin
PATH: /sware/intel/impi/4.1.0.024/bin64
PATH: /sware/intel/composer_xe_2013.0.079/bin/intel64
PATH: /sware/abaqus611/Commands
PATH: /sware/ansys14/ansys_inc/v140/CFX/bin
PATH: /sware/ansys14/ansys_inc/v140/fluent/bin
PATH: /sware/ansys14/ansys_inc/v140/icemcfd/linux64_amd/bin
PATH: /sware/ansys14/ansys_inc/v140/ansys/bin
PATH: /sware/gromacs455/bin
PATH: /sware/mathematica8/Executables
PATH: /sware/matlabr2012a/bin
PATH: /sware/star4.14/bin
PATH: /sware/starccm8.06/STAR-CCM+8.06.007/star/bin
PATH: /sware/starccm8.06/jdk/linux-x86_64/jdk1.6.0_45/bin
PATH: /sware/gcc445/bin
PATH: /sware/namd/NAMD_2.9_Linux-x86_64-ibverbs
PATH: /usr/lib64/qt-3.3/bin
PATH: /usr/local/bin
PATH: /usr/local/sbin
PATH: /usr/bin
PATH: /usr/sbin
PATH: /bin
PATH: /sbin
PATH: /opt/tecplot/bin
PATH: /home/am13d022/.local/bin
PATH: /home/am13d022/bin
PATH: /usr/local/tecplot/bin
PATH: /usr/local/hdf5-1.8.15/bin
PATH: /opt/intel/parallel_studio_xe_2017.2.050/bin


## ----------- ##
## Core tests. ##
## ----------- ##

configure:2048: checking for a BSD-compatible install
configure:2116: result: /usr/bin/install -c
configure:2127: checking whether build environment is sane
configure:2182: result: yes
configure:2333: checking for a thread-safe mkdir -p
configure:2372: result: /usr/bin/mkdir -p
configure:2379: checking for gawk
configure:2395: found /usr/bin/gawk
configure:2406: result: gawk
configure:2417: checking whether make sets $(MAKE)
configure:2439: result: yes
configure:2468: checking whether make supports nested variables
configure:2485: result: yes
configure:2578: checking whether to compile using MPI
configure:2585: result: yes
configure:2641: checking for mpif95
configure:2671: result: no
configure:2641: checking for mpxlf95_r
configure:2671: result: no
configure:2641: checking for mpixlf95_r
configure:2671: result: no
configure:2641: checking for mpxlf95
configure:2671: result: no
configure:2641: checking for mpixlf95
configure:2671: result: no
configure:2641: checking for ftn
configure:2671: result: no
configure:2641: checking for mpfort
configure:2671: result: no
configure:2641: checking for mpiifort
configure:2657: found /opt/intel/compilers_and_libraries_2017.2.174/linux/mpi/intel64/bin/mpiifort
configure:2668: result: mpiifort
configure:2801: checking for Fortran compiler version
configure:2810: mpiifort --version >&5
ifort (IFORT) 17.0.2 20170213
Copyright (C) 1985-2017 Intel Corporation.  All rights reserved.

configure:2821: $? = 0
configure:2810: mpiifort -v >&5
mpiifort for the Intel(R) MPI Library 2017 Update 2 for Linux*
Copyright(C) 2003-2017, Intel Corporation.  All rights reserved.
ifort version 17.0.2
configure:2821: $? = 0
configure:2810: mpiifort -V >&5
Intel(R) Fortran Intel(R) 64 Compiler for applications running on Intel(R) 64, Version 17.0.2.174 Build 20170213
Copyright (C) 1985-2017 Intel Corporation.  All rights reserved.

configure:2821: $? = 0
configure:2810: mpiifort -qversion >&5
ifort: command line warning #10006: ignoring unknown option '-qversion'
/opt/intel/compilers_and_libraries_2017.2.174/linux/compiler/lib/intel64_lin/for_main.o: In function `main':
for_main.c:(.text+0x2a): undefined reference to `MAIN__'
configure:2821: $? = 1
configure:2836: checking whether the Fortran compiler works
configure:2858: mpiifort    conftest.f  >&5
configure:2862: $? = 0
configure:2910: result: yes
configure:2913: checking for Fortran compiler default output file name
configure:2915: result: a.out
configure:2921: checking for suffix of executables
configure:2928: mpiifort -o conftest    conftest.f  >&5
configure:2932: $? = 0
configure:2954: result: 
configure:2970: checking whether we are cross compiling
configure:2978: mpiifort -o conftest    conftest.f  >&5
configure:2982: $? = 0
configure:2989: ./conftest
configure:2993: $? = 0
configure:3008: result: no
configure:3013: checking for suffix of object files
configure:3029: mpiifort -c   conftest.f >&5
configure:3033: $? = 0
configure:3054: result: o
configure:3062: checking whether we are using the GNU Fortran compiler
configure:3075: mpiifort -c   conftest.F >&5
conftest.F(3): error #5082: Syntax error, found END-OF-STATEMENT when expecting one of: => = . [ % ( :
       choke me
---------------^
compilation aborted for conftest.F (code 1)
configure:3075: $? = 1
configure: failed program was:
|       program main
| #ifndef __GNUC__
|        choke me
| #endif
| 
|       end
configure:3084: result: no
configure:3090: checking whether mpiifort accepts -g
configure:3101: mpiifort -c -g  conftest.f >&5
configure:3101: $? = 0
configure:3109: result: yes
configure:3165: checking for function MPI_INIT
configure:3177: mpiifort -o conftest -g   conftest.f  >&5
configure:3177: $? = 0
configure:3184: result: yes
configure:3196: checking for MPI-3
configure:3203: mpiifort -o conftest -g   conftest.f  >&5
configure:3203: $? = 0
configure:3210: result: yes
configure:3216: checking for mpif.h
configure:3225: mpiifort -c -g  conftest.f >&5
configure:3225: $? = 0
configure:3226: result: yes
configure:3266: checking Fortran 90 module inclusion flag
configure:3288: mpiifort -c -g  conftest.f >&5
configure:3288: $? = 0
configure:3302: mpiifort -c -g -Mconftest.dir -Mconftest.dir  conftest.f >&5
ifort: command line warning #10006: ignoring unknown option '-Mconftest.dir'
ifort: command line warning #10006: ignoring unknown option '-Mconftest.dir'
conftest.f(3): error #7002: Error in opening the compiled module file.  Check INCLUDE paths.   [CONFTEST_MODULE]
      use conftest_module
----------^
compilation aborted for conftest.f (code 1)
configure:3302: $? = 1
configure: failed program was:
| 
|       program main
|       use conftest_module
|       call conftest_routine
|       end program
configure:3302: mpiifort -c -g -Iconftest.dir -Iconftest.dir  conftest.f >&5
configure:3302: $? = 0
configure:3323: result: -I
configure:3338: checking Fortran 90 module extension
configure:3360: mpiifort -c -g  conftest.f >&5
configure:3360: $? = 0
configure:3377: result: mod
configure:3396: checking for Fortran flag to compile preprocessed .F files
configure:3421: mpiifort -c -g  conftest.F >&5
configure:3421: $? = 0
configure:3431: mpiifort -c -g  conftest.F >&5
conftest.F(4): #error: can't find include file: ac_nonexistent.h
configure:3431: $? = 1
configure: failed program was:
|       program main
| 
| #if 1
| #include <ac_nonexistent.h>
|       choke me
| #endif
|       end
configure:3444: result: none
configure:3465: checking how to define symbols for preprocessed Fortran
configure:3487: mpiifort -c -g -DFOOBAR -DZORK=42  conftest.F >&5
configure:3487: $? = 0
configure:3496: result: -D
configure:3518: checking for gawk
configure:3545: result: gawk
configure:3556: checking for grep that handles long lines and -e
configure:3614: result: /usr/bin/grep
configure:3619: checking for a sed that does not truncate output
configure:3683: result: /usr/bin/sed
configure:3699: checking for Fortran flag to compile .f90 files
configure:3719: mpiifort -c -g  conftest.f90 >&5
configure:3719: $? = 0
configure:3728: result: none
configure:3755: checking for default optimization -O2
configure:3763: mpiifort -o conftest -O2   conftest.f90  >&5
configure:3763: $? = 0
configure:3770: result: yes
configure:3796: checking for flag to promote REAL to DOUBLE PRECISION
configure:3810: mpiifort -o conftest -r8 -O2 -DMPI3   conftest.f90  >&5
configure:3810: $? = 0
configure:3816: result: -r8
configure:3827: checking build system type
configure:3841: result: x86_64-unknown-linux-gnu
configure:3861: checking host system type
configure:3874: result: x86_64-unknown-linux-gnu
configure:3898: checking how to get verbose linking output from mpiifort
configure:3908: mpiifort -c -r8 -O2 -DMPI3  conftest.f90 >&5
configure:3908: $? = 0
configure:3926: mpiifort -o conftest -r8 -O2 -DMPI3 -v conftest.f90
mpiifort for the Intel(R) MPI Library 2017 Update 2 for Linux*
Copyright(C) 2003-2017, Intel Corporation.  All rights reserved.
ifort version 17.0.2
/opt/intel/compilers_and_libraries_2017.2.174/linux/bin/intel64/fortcom    -D__INTEL_COMPILER=1700 -D__INTEL_COMPILER_UPDATE=2 -D__unix__ -D__unix -D__linux__ -D__linux -D__gnu_linux__ -Dunix -Dlinux -D__ELF__ -D__x86_64 -D__x86_64__ -D__amd64 -D__amd64__ -D__INTEL_COMPILER_BUILD_DATE=20170213 -D__INTEL_OFFLOAD -D__i686 -D__i686__ -D__pentiumpro -D__pentiumpro__ -D__pentium4 -D__pentium4__ -D__tune_pentium4__ -D__SSE2__ -D__SSE2_MATH__ -D__SSE__ -D__SSE_MATH__ -D__MMX__ -mGLOB_pack_sort_init_list -I. -I/opt/intel/compilers_and_libraries_2017.2.174/linux/mpi/intel64/include -I/opt/intel/compilers_and_libraries_2017.2.174/linux/mpi/intel64/include -I/opt/intel/compilers_and_libraries_2017.2.174/linux/ipp/include -I/opt/intel/compilers_and_libraries_2017.2.174/linux/mkl/include -I/opt/intel/compilers_and_libraries_2017.2.174/linux/tbb/include -I/opt/intel/compilers_and_libraries_2017.2.174/linux/daal/include -I/opt/intel/compilers_and_libraries_2017.2.174/linux/ipp/include -I/opt/intel/compilers_and_libraries_2017.2.174/linux/mkl/include -I/opt/intel/compilers_and_libraries_2017.2.174/linux/tbb/include -I/opt/intel/compilers_and_libraries_2017.2.174/linux/daal/include -I/opt/intel/compilers_and_libraries_2017.2.174/linux/compiler/include/intel64 -I/opt/intel/compilers_and_libraries_2017.2.174/linux/compiler/include/icc -I/opt/intel/compilers_and_libraries_2017.2.174/linux/compiler/include -I/usr/local/include -I/usr/lib/gcc/x86_64-redhat-linux/4.8.5/include -I/usr/include/ -I/usr/include -DMPI3 -O2 "-real_size 64" "-reentrancy threaded" -simd -offload_host -mGLOB_em64t=TRUE -mP1OPT_version=17.0-intel64 -mGLOB_diag_file=/tmp/ifortQzlcMv.diag -mGLOB_long_size_64 -mGLOB_routine_pointer_size_64 -mGLOB_source_language=GLOB_SOURCE_LANGUAGE_F90 -mP2OPT_static_promotion -mP1OPT_print_version=FALSE -mCG_use_gas_got_workaround=F -mP2OPT_align_option_used=TRUE -mGLOB_gcc_version=485 "-mGLOB_options_string=-I/opt/intel/compilers_and_libraries_2017.2.174/linux/mpi/intel64/include -I/opt/intel/compilers_and_libraries_2017.2.174/linux/mpi/intel64/include -o conftest -r8 -O2 -DMPI3 -v -L/opt/intel/compilers_and_libraries_2017.2.174/linux/mpi/intel64/lib/release_mt -L/opt/intel/compilers_and_libraries_2017.2.174/linux/mpi/intel64/lib -Xlinker --enable-new-dtags -Xlinker -rpath -Xlinker /opt/intel/compilers_and_libraries_2017.2.174/linux/mpi/intel64/lib/release_mt -Xlinker -rpath -Xlinker /opt/intel/compilers_and_libraries_2017.2.174/linux/mpi/intel64/lib -Xlinker -rpath -Xlinker /opt/intel/mpi-rt/2017.0.0/intel64/lib/release_mt -Xlinker -rpath -Xlinker /opt/intel/mpi-rt/2017.0.0/intel64/lib -lmpifort -lmpi -lmpigi -ldl -lrt -lpthread" -mGLOB_cxx_limited_range=FALSE -mCG_extend_parms=FALSE -mGLOB_compiler_bin_directory=/opt/intel/compilers_and_libraries_2017.2.174/linux/bin/intel64 -mGLOB_as_output_backup_file_name=/tmp/ifort5JS4HYas_.s -mGLOB_dashboard_use_source_name -mIPOPT_activate -mIPOPT_lite -mGLOB_instruction_tuning=0x0 -mGLOB_uarch_tuning=0x0 -mGLOB_product_id_code=0x22006d8f -mCG_bnl_movbe=T -mGLOB_extended_instructions=0x8 -mP3OPT_use_mspp_call_convention -mP2OPT_subs_out_of_bound=FALSE -mP2OPT_disam_type_based_disam=2 -mGLOB_ansi_alias -mPGOPTI_value_profile_use=T -mGLOB_opt_report_use_source_name -mP2OPT_il0_array_sections=TRUE -mGLOB_offload_mode=1 -mP2OPT_offload_unique_var_string=ifort0869765888bkwSZQ -mGLOB_opt_level=2 -mP2OPT_hlo_level=2 -mP2OPT_hlo -mP2OPT_hpo_rtt_control=0 -mIPOPT_args_in_regs=0 -mP2OPT_disam_assume_nonstd_intent_in=FALSE -mGLOB_imf_mapping_library=/opt/intel/compilers_and_libraries_2017.2.174/linux/bin/intel64/libiml_attr.so -mIPOPT_single_file_compile_and_link=TRUE -mPGOPTI_gen_threadsafe_level=0 -mIPOPT_lto_object_enabled -mIPOPT_lto_object_value=1 -mIPOPT_obj_output_file_name=/tmp/ifortQzlcMv.o -mIPOPT_whole_archive_fixup_file_name=/tmp/ifortwarche5VWKr -mGLOB_linker_version=2.25.1 -mGLOB_driver_tempfile_name=/tmp/iforttempfile3TsIib -mP3OPT_asm_target=P3OPT_ASM_TARGET_GAS -mGLOB_async_unwind_tables=TRUE -mGLOB_obj_output_file=/tmp/ifortQzlcMv.o -mGLOB_source_dialect=GLOB_SOURCE_DIALECT_FORTRAN -mP1OPT_source_file_name=conftest.f90 -mP1OPT_full_source_file_name=/home/am13d022/afid/afid-1.1/conftest.f90 -mP2OPT_symtab_type_copy=true conftest.f90
#include "..." search starts here:
#include <...> search starts here:
 .
 /opt/intel/compilers_and_libraries_2017.2.174/linux/mpi/intel64/include
 /opt/intel/compilers_and_libraries_2017.2.174/linux/mpi/intel64/include
 /opt/intel/compilers_and_libraries_2017.2.174/linux/ipp/include
 /opt/intel/compilers_and_libraries_2017.2.174/linux/mkl/include
 /opt/intel/compilers_and_libraries_2017.2.174/linux/tbb/include
 /opt/intel/compilers_and_libraries_2017.2.174/linux/daal/include
 /opt/intel/compilers_and_libraries_2017.2.174/linux/ipp/include
 /opt/intel/compilers_and_libraries_2017.2.174/linux/mkl/include
 /opt/intel/compilers_and_libraries_2017.2.174/linux/tbb/include
 /opt/intel/compilers_and_libraries_2017.2.174/linux/daal/include
 /opt/intel/compilers_and_libraries_2017.2.174/linux/compiler/include/intel64
 /opt/intel/compilers_and_libraries_2017.2.174/linux/compiler/include/icc
 /opt/intel/compilers_and_libraries_2017.2.174/linux/compiler/include
 /usr/local/include
 /usr/lib/gcc/x86_64-redhat-linux/4.8.5/include
 /usr/include/
 /usr/include
End of search list.
ld    /usr/lib/gcc/x86_64-redhat-linux/4.8.5/../../../../lib64/crt1.o /usr/lib/gcc/x86_64-redhat-linux/4.8.5/../../../../lib64/crti.o /usr/lib/gcc/x86_64-redhat-linux/4.8.5/crtbegin.o --eh-frame-hdr --build-id -dynamic-linker /lib64/ld-linux-x86-64.so.2 -m elf_x86_64 -L/opt/intel/compilers_and_libraries_2017.2.174/linux/mpi/intel64/lib/release_mt -L/opt/intel/compilers_and_libraries_2017.2.174/linux/mpi/intel64/lib -o conftest /opt/intel/compilers_and_libraries_2017.2.174/linux/compiler/lib/intel64_lin/for_main.o -L/opt/intel//clck/2017.2.019/lib/intel64 -L/opt/intel/compilers_and_libraries_2017.2.174/linux/ipp/lib/intel64 -L/opt/intel/compilers_and_libraries_2017.2.174/linux/compiler/lib/intel64_lin -L/opt/intel/compilers_and_libraries_2017.2.174/linux/mkl/lib/intel64_lin -L/opt/intel/compilers_and_libraries_2017.2.174/linux/tbb/lib/intel64/gcc4.7 -L/opt/intel/compilers_and_libraries_2017.2.174/linux/daal/lib/intel64_lin -L/opt/intel/compilers_and_libraries_2017.2.174/linux/ipp/lib/intel64 -L/opt/intel/compilers_and_libraries_2017.2.174/linux/compiler/lib/intel64_lin -L/opt/intel/compilers_and_libraries_2017.2.174/linux/mkl/lib/intel64_lin -L/opt/intel/compilers_and_libraries_2017.2.174/linux/tbb/lib/intel64/gcc4.7 -L/opt/intel/compilers_and_libraries_2017.2.174/linux/daal/lib/intel64_lin -L/opt/intel/compilers_and_libraries_2017.2.174/linux/daal/../tbb/lib/intel64_lin/gcc4.4 -L/opt/intel/compilers_and_libraries_2017.2.174/linux/compiler/lib/intel64_lin -L/usr/lib/gcc/x86_64-redhat-linux/4.8.5/ -L/usr/lib/gcc/x86_64-redhat-linux/4.8.5/../../../../lib64 -L/usr/lib/gcc/x86_64-redhat-linux/4.8.5/../../../../lib64/ -L/lib/../lib64 -L/lib/../lib64/ -L/usr/lib/../lib64 -L/usr/lib/../lib64/ -L/opt/intel//clck/2017.2.019/lib/intel64/ -L/opt/intel/compilers_and_libraries_2017.2.174/linux/ipp/lib/intel64/ -L/opt/intel/compilers_and_libraries_2017.2.174/linux/compiler/lib/intel64_lin/ -L/opt/intel/compilers_and_libraries_2017.2.174/linux/mkl/lib/intel64_lin/ -L/opt/intel/compilers_and_libraries_2017.2.174/linux/tbb/lib/intel64/gcc4.7/ -L/opt/intel/compilers_and_libraries_2017.2.174/linux/daal/lib/intel64_lin/ -L/opt/intel/compilers_and_libraries_2017.2.174/linux/daal/../tbb/lib/intel64_lin/gcc4.4/ -L/usr/lib/gcc/x86_64-redhat-linux/4.8.5/../../../ -L/lib64 -L/lib/ -L/usr/lib64 -L/usr/lib /tmp/ifortQzlcMv.o --enable-new-dtags -rpath /opt/intel/compilers_and_libraries_2017.2.174/linux/mpi/intel64/lib/release_mt -rpath /opt/intel/compilers_and_libraries_2017.2.174/linux/mpi/intel64/lib -rpath /opt/intel/mpi-rt/2017.0.0/intel64/lib/release_mt -rpath /opt/intel/mpi-rt/2017.0.0/intel64/lib -lmpifort -lmpi -lmpigi -ldl -lrt -lpthread -Bdynamic -Bstatic -lifport -lifcoremt -limf -lsvml -Bdynamic -lm -Bstatic -lipgo -lirc -Bdynamic -lpthread -Bstatic -lsvml -Bdynamic -lc -lgcc -lgcc_s -Bstatic -lirc_s -Bdynamic -ldl -lc /usr/lib/gcc/x86_64-redhat-linux/4.8.5/crtend.o /usr/lib/gcc/x86_64-redhat-linux/4.8.5/../../../../lib64/crtn.o
configure:4009: result: -v
configure:4011: checking for Fortran libraries of mpiifort
configure:4034: mpiifort -o conftest -r8 -O2 -DMPI3 -v conftest.f90
mpiifort for the Intel(R) MPI Library 2017 Update 2 for Linux*
Copyright(C) 2003-2017, Intel Corporation.  All rights reserved.
ifort version 17.0.2
/opt/intel/compilers_and_libraries_2017.2.174/linux/bin/intel64/fortcom    -D__INTEL_COMPILER=1700 -D__INTEL_COMPILER_UPDATE=2 -D__unix__ -D__unix -D__linux__ -D__linux -D__gnu_linux__ -Dunix -Dlinux -D__ELF__ -D__x86_64 -D__x86_64__ -D__amd64 -D__amd64__ -D__INTEL_COMPILER_BUILD_DATE=20170213 -D__INTEL_OFFLOAD -D__i686 -D__i686__ -D__pentiumpro -D__pentiumpro__ -D__pentium4 -D__pentium4__ -D__tune_pentium4__ -D__SSE2__ -D__SSE2_MATH__ -D__SSE__ -D__SSE_MATH__ -D__MMX__ -mGLOB_pack_sort_init_list -I. -I/opt/intel/compilers_and_libraries_2017.2.174/linux/mpi/intel64/include -I/opt/intel/compilers_and_libraries_2017.2.174/linux/mpi/intel64/include -I/opt/intel/compilers_and_libraries_2017.2.174/linux/ipp/include -I/opt/intel/compilers_and_libraries_2017.2.174/linux/mkl/include -I/opt/intel/compilers_and_libraries_2017.2.174/linux/tbb/include -I/opt/intel/compilers_and_libraries_2017.2.174/linux/daal/include -I/opt/intel/compilers_and_libraries_2017.2.174/linux/ipp/include -I/opt/intel/compilers_and_libraries_2017.2.174/linux/mkl/include -I/opt/intel/compilers_and_libraries_2017.2.174/linux/tbb/include -I/opt/intel/compilers_and_libraries_2017.2.174/linux/daal/include -I/opt/intel/compilers_and_libraries_2017.2.174/linux/compiler/include/intel64 -I/opt/intel/compilers_and_libraries_2017.2.174/linux/compiler/include/icc -I/opt/intel/compilers_and_libraries_2017.2.174/linux/compiler/include -I/usr/local/include -I/usr/lib/gcc/x86_64-redhat-linux/4.8.5/include -I/usr/include/ -I/usr/include -DMPI3 -O2 "-real_size 64" "-reentrancy threaded" -simd -offload_host -mGLOB_em64t=TRUE -mP1OPT_version=17.0-intel64 -mGLOB_diag_file=/tmp/ifortDoqJLp.diag -mGLOB_long_size_64 -mGLOB_routine_pointer_size_64 -mGLOB_source_language=GLOB_SOURCE_LANGUAGE_F90 -mP2OPT_static_promotion -mP1OPT_print_version=FALSE -mCG_use_gas_got_workaround=F -mP2OPT_align_option_used=TRUE -mGLOB_gcc_version=485 "-mGLOB_options_string=-I/opt/intel/compilers_and_libraries_2017.2.174/linux/mpi/intel64/include -I/opt/intel/compilers_and_libraries_2017.2.174/linux/mpi/intel64/include -o conftest -r8 -O2 -DMPI3 -v -L/opt/intel/compilers_and_libraries_2017.2.174/linux/mpi/intel64/lib/release_mt -L/opt/intel/compilers_and_libraries_2017.2.174/linux/mpi/intel64/lib -Xlinker --enable-new-dtags -Xlinker -rpath -Xlinker /opt/intel/compilers_and_libraries_2017.2.174/linux/mpi/intel64/lib/release_mt -Xlinker -rpath -Xlinker /opt/intel/compilers_and_libraries_2017.2.174/linux/mpi/intel64/lib -Xlinker -rpath -Xlinker /opt/intel/mpi-rt/2017.0.0/intel64/lib/release_mt -Xlinker -rpath -Xlinker /opt/intel/mpi-rt/2017.0.0/intel64/lib -lmpifort -lmpi -lmpigi -ldl -lrt -lpthread" -mGLOB_cxx_limited_range=FALSE -mCG_extend_parms=FALSE -mGLOB_compiler_bin_directory=/opt/intel/compilers_and_libraries_2017.2.174/linux/bin/intel64 -mGLOB_as_output_backup_file_name=/tmp/ifort9eCiEWas_.s -mGLOB_dashboard_use_source_name -mIPOPT_activate -mIPOPT_lite -mGLOB_instruction_tuning=0x0 -mGLOB_uarch_tuning=0x0 -mGLOB_product_id_code=0x22006d8f -mCG_bnl_movbe=T -mGLOB_extended_instructions=0x8 -mP3OPT_use_mspp_call_convention -mP2OPT_subs_out_of_bound=FALSE -mP2OPT_disam_type_based_disam=2 -mGLOB_ansi_alias -mPGOPTI_value_profile_use=T -mGLOB_opt_report_use_source_name -mP2OPT_il0_array_sections=TRUE -mGLOB_offload_mode=1 -mP2OPT_offload_unique_var_string=ifort13370039300KOVdB -mGLOB_opt_level=2 -mP2OPT_hlo_level=2 -mP2OPT_hlo -mP2OPT_hpo_rtt_control=0 -mIPOPT_args_in_regs=0 -mP2OPT_disam_assume_nonstd_intent_in=FALSE -mGLOB_imf_mapping_library=/opt/intel/compilers_and_libraries_2017.2.174/linux/bin/intel64/libiml_attr.so -mIPOPT_single_file_compile_and_link=TRUE -mPGOPTI_gen_threadsafe_level=0 -mIPOPT_lto_object_enabled -mIPOPT_lto_object_value=1 -mIPOPT_obj_output_file_name=/tmp/ifortDoqJLp.o -mIPOPT_whole_archive_fixup_file_name=/tmp/ifortwarch4ph3Gt -mGLOB_linker_version=2.25.1 -mGLOB_driver_tempfile_name=/tmp/iforttempfileucOdff -mP3OPT_asm_target=P3OPT_ASM_TARGET_GAS -mGLOB_async_unwind_tables=TRUE -mGLOB_obj_output_file=/tmp/ifortDoqJLp.o -mGLOB_source_dialect=GLOB_SOURCE_DIALECT_FORTRAN -mP1OPT_source_file_name=conftest.f90 -mP1OPT_full_source_file_name=/home/am13d022/afid/afid-1.1/conftest.f90 -mP2OPT_symtab_type_copy=true conftest.f90
#include "..." search starts here:
#include <...> search starts here:
 .
 /opt/intel/compilers_and_libraries_2017.2.174/linux/mpi/intel64/include
 /opt/intel/compilers_and_libraries_2017.2.174/linux/mpi/intel64/include
 /opt/intel/compilers_and_libraries_2017.2.174/linux/ipp/include
 /opt/intel/compilers_and_libraries_2017.2.174/linux/mkl/include
 /opt/intel/compilers_and_libraries_2017.2.174/linux/tbb/include
 /opt/intel/compilers_and_libraries_2017.2.174/linux/daal/include
 /opt/intel/compilers_and_libraries_2017.2.174/linux/ipp/include
 /opt/intel/compilers_and_libraries_2017.2.174/linux/mkl/include
 /opt/intel/compilers_and_libraries_2017.2.174/linux/tbb/include
 /opt/intel/compilers_and_libraries_2017.2.174/linux/daal/include
 /opt/intel/compilers_and_libraries_2017.2.174/linux/compiler/include/intel64
 /opt/intel/compilers_and_libraries_2017.2.174/linux/compiler/include/icc
 /opt/intel/compilers_and_libraries_2017.2.174/linux/compiler/include
 /usr/local/include
 /usr/lib/gcc/x86_64-redhat-linux/4.8.5/include
 /usr/include/
 /usr/include
End of search list.
ld    /usr/lib/gcc/x86_64-redhat-linux/4.8.5/../../../../lib64/crt1.o /usr/lib/gcc/x86_64-redhat-linux/4.8.5/../../../../lib64/crti.o /usr/lib/gcc/x86_64-redhat-linux/4.8.5/crtbegin.o --eh-frame-hdr --build-id -dynamic-linker /lib64/ld-linux-x86-64.so.2 -m elf_x86_64 -L/opt/intel/compilers_and_libraries_2017.2.174/linux/mpi/intel64/lib/release_mt -L/opt/intel/compilers_and_libraries_2017.2.174/linux/mpi/intel64/lib -o conftest /opt/intel/compilers_and_libraries_2017.2.174/linux/compiler/lib/intel64_lin/for_main.o -L/opt/intel//clck/2017.2.019/lib/intel64 -L/opt/intel/compilers_and_libraries_2017.2.174/linux/ipp/lib/intel64 -L/opt/intel/compilers_and_libraries_2017.2.174/linux/compiler/lib/intel64_lin -L/opt/intel/compilers_and_libraries_2017.2.174/linux/mkl/lib/intel64_lin -L/opt/intel/compilers_and_libraries_2017.2.174/linux/tbb/lib/intel64/gcc4.7 -L/opt/intel/compilers_and_libraries_2017.2.174/linux/daal/lib/intel64_lin -L/opt/intel/compilers_and_libraries_2017.2.174/linux/ipp/lib/intel64 -L/opt/intel/compilers_and_libraries_2017.2.174/linux/compiler/lib/intel64_lin -L/opt/intel/compilers_and_libraries_2017.2.174/linux/mkl/lib/intel64_lin -L/opt/intel/compilers_and_libraries_2017.2.174/linux/tbb/lib/intel64/gcc4.7 -L/opt/intel/compilers_and_libraries_2017.2.174/linux/daal/lib/intel64_lin -L/opt/intel/compilers_and_libraries_2017.2.174/linux/daal/../tbb/lib/intel64_lin/gcc4.4 -L/opt/intel/compilers_and_libraries_2017.2.174/linux/compiler/lib/intel64_lin -L/usr/lib/gcc/x86_64-redhat-linux/4.8.5/ -L/usr/lib/gcc/x86_64-redhat-linux/4.8.5/../../../../lib64 -L/usr/lib/gcc/x86_64-redhat-linux/4.8.5/../../../../lib64/ -L/lib/../lib64 -L/lib/../lib64/ -L/usr/lib/../lib64 -L/usr/lib/../lib64/ -L/opt/intel//clck/2017.2.019/lib/intel64/ -L/opt/intel/compilers_and_libraries_2017.2.174/linux/ipp/lib/intel64/ -L/opt/intel/compilers_and_libraries_2017.2.174/linux/compiler/lib/intel64_lin/ -L/opt/intel/compilers_and_libraries_2017.2.174/linux/mkl/lib/intel64_lin/ -L/opt/intel/compilers_and_libraries_2017.2.174/linux/tbb/lib/intel64/gcc4.7/ -L/opt/intel/compilers_and_libraries_2017.2.174/linux/daal/lib/intel64_lin/ -L/opt/intel/compilers_and_libraries_2017.2.174/linux/daal/../tbb/lib/intel64_lin/gcc4.4/ -L/usr/lib/gcc/x86_64-redhat-linux/4.8.5/../../../ -L/lib64 -L/lib/ -L/usr/lib64 -L/usr/lib /tmp/ifortDoqJLp.o --enable-new-dtags -rpath /opt/intel/compilers_and_libraries_2017.2.174/linux/mpi/intel64/lib/release_mt -rpath /opt/intel/compilers_and_libraries_2017.2.174/linux/mpi/intel64/lib -rpath /opt/intel/mpi-rt/2017.0.0/intel64/lib/release_mt -rpath /opt/intel/mpi-rt/2017.0.0/intel64/lib -lmpifort -lmpi -lmpigi -ldl -lrt -lpthread -Bdynamic -Bstatic -lifport -lifcoremt -limf -lsvml -Bdynamic -lm -Bstatic -lipgo -lirc -Bdynamic -lpthread -Bstatic -lsvml -Bdynamic -lc -lgcc -lgcc_s -Bstatic -lirc_s -Bdynamic -ldl -lc /usr/lib/gcc/x86_64-redhat-linux/4.8.5/crtend.o /usr/lib/gcc/x86_64-redhat-linux/4.8.5/../../../../lib64/crtn.o
configure:4230: result:  -L/opt/intel/compilers_and_libraries_2017.2.174/linux/mpi/intel64/lib/release_mt -L/opt/intel/compilers_and_libraries_2017.2.174/linux/mpi/intel64/lib -L/opt/intel//clck/2017.2.019/lib/intel64 -L/opt/intel/compilers_and_libraries_2017.2.174/linux/ipp/lib/intel64 -L/opt/intel/compilers_and_libraries_2017.2.174/linux/compiler/lib/intel64_lin -L/opt/intel/compilers_and_libraries_2017.2.174/linux/mkl/lib/intel64_lin -L/opt/intel/compilers_and_libraries_2017.2.174/linux/tbb/lib/intel64/gcc4.7 -L/opt/intel/compilers_and_libraries_2017.2.174/linux/daal/lib/intel64_lin -L/opt/intel/compilers_and_libraries_2017.2.174/linux/daal/../tbb/lib/intel64_lin/gcc4.4 -L/usr/lib/gcc/x86_64-redhat-linux/4.8.5/ -L/usr/lib/gcc/x86_64-redhat-linux/4.8.5/../../../../lib64 -L/usr/lib/gcc/x86_64-redhat-linux/4.8.5/../../../../lib64/ -L/lib/../lib64 -L/lib/../lib64/ -L/usr/lib/../lib64 -L/usr/lib/../lib64/ -L/opt/intel//clck/2017.2.019/lib/intel64/ -L/opt/intel/compilers_and_libraries_2017.2.174/linux/ipp/lib/intel64/ -L/opt/intel/compilers_and_libraries_2017.2.174/linux/compiler/lib/intel64_lin/ -L/opt/intel/compilers_and_libraries_2017.2.174/linux/mkl/lib/intel64_lin/ -L/opt/intel/compilers_and_libraries_2017.2.174/linux/tbb/lib/intel64/gcc4.7/ -L/opt/intel/compilers_and_libraries_2017.2.174/linux/daal/lib/intel64_lin/ -L/opt/intel/compilers_and_libraries_2017.2.174/linux/daal/../tbb/lib/intel64_lin/gcc4.4/ -L/usr/lib/gcc/x86_64-redhat-linux/4.8.5/../../../ -L/lib64 -L/lib/ -L/usr/lib64 -L/usr/lib -lmpifort -lmpi -lmpigi -ldl -lrt -lpthread -lifport -lifcoremt -limf -lsvml -lm -lipgo -lirc -lirc_s
configure:4252: checking for style of include used by make
configure:4280: result: GNU
configure:4351: checking for gcc
configure:4367: found /usr/bin/gcc
configure:4378: result: gcc
configure:4607: checking for C compiler version
configure:4616: gcc --version >&5
gcc (GCC) 4.8.5 20150623 (Red Hat 4.8.5-11)
Copyright (C) 2015 Free Software Foundation, Inc.
This is free software; see the source for copying conditions.  There is NO
warranty; not even for MERCHANTABILITY or FITNESS FOR A PARTICULAR PURPOSE.

configure:4627: $? = 0
configure:4616: gcc -v >&5
Using built-in specs.
COLLECT_GCC=gcc
COLLECT_LTO_WRAPPER=/usr/libexec/gcc/x86_64-redhat-linux/4.8.5/lto-wrapper
Target: x86_64-redhat-linux
Configured with: ../configure --prefix=/usr --mandir=/usr/share/man --infodir=/usr/share/info --with-bugurl=http://bugzilla.redhat.com/bugzilla --enable-bootstrap --enable-shared --enable-threads=posix --enable-checking=release --with-system-zlib --enable-__cxa_atexit --disable-libunwind-exceptions --enable-gnu-unique-object --enable-linker-build-id --with-linker-hash-style=gnu --enable-languages=c,c++,objc,obj-c++,java,fortran,ada,go,lto --enable-plugin --enable-initfini-array --disable-libgcj --with-isl=/builddir/build/BUILD/gcc-4.8.5-20150702/obj-x86_64-redhat-linux/isl-install --with-cloog=/builddir/build/BUILD/gcc-4.8.5-20150702/obj-x86_64-redhat-linux/cloog-install --enable-gnu-indirect-function --with-tune=generic --with-arch_32=x86-64 --build=x86_64-redhat-linux
Thread model: posix
gcc version 4.8.5 20150623 (Red Hat 4.8.5-11) (GCC) 
configure:4627: $? = 0
configure:4616: gcc -V >&5
gcc: error: unrecognized command line option '-V'
gcc: fatal error: no input files
compilation terminated.
configure:4627: $? = 4
configure:4616: gcc -qversion >&5
gcc: error: unrecognized command line option '-qversion'
gcc: fatal error: no input files
compilation terminated.
configure:4627: $? = 4
configure:4631: checking whether we are using the GNU C compiler
configure:4658: gcc -c   conftest.c >&5
configure:4658: $? = 0
configure:4667: result: yes
configure:4676: checking whether gcc accepts -g
configure:4704: gcc -c -g  conftest.c >&5
configure:4704: $? = 0
configure:4761: result: yes
configure:4778: checking for gcc option to accept ISO C89
configure:4849: gcc  -c -g -O2  conftest.c >&5
configure:4849: $? = 0
configure:4862: result: none needed
configure:4884: checking dependency style of gcc
configure:4995: result: none
configure:5016: checking for dummy main to link with Fortran libraries
configure:5050: gcc -o conftest -g -O2   conftest.c   -L/opt/intel/compilers_and_libraries_2017.2.174/linux/mpi/intel64/lib/release_mt -L/opt/intel/compilers_and_libraries_2017.2.174/linux/mpi/intel64/lib -L/opt/intel//clck/2017.2.019/lib/intel64 -L/opt/intel/compilers_and_libraries_2017.2.174/linux/ipp/lib/intel64 -L/opt/intel/compilers_and_libraries_2017.2.174/linux/compiler/lib/intel64_lin -L/opt/intel/compilers_and_libraries_2017.2.174/linux/mkl/lib/intel64_lin -L/opt/intel/compilers_and_libraries_2017.2.174/linux/tbb/lib/intel64/gcc4.7 -L/opt/intel/compilers_and_libraries_2017.2.174/linux/daal/lib/intel64_lin -L/opt/intel/compilers_and_libraries_2017.2.174/linux/daal/../tbb/lib/intel64_lin/gcc4.4 -L/usr/lib/gcc/x86_64-redhat-linux/4.8.5/ -L/usr/lib/gcc/x86_64-redhat-linux/4.8.5/../../../../lib64 -L/usr/lib/gcc/x86_64-redhat-linux/4.8.5/../../../../lib64/ -L/lib/../lib64 -L/lib/../lib64/ -L/usr/lib/../lib64 -L/usr/lib/../lib64/ -L/opt/intel//clck/2017.2.019/lib/intel64/ -L/opt/intel/compilers_and_libraries_2017.2.174/linux/ipp/lib/intel64/ -L/opt/intel/compilers_and_libraries_2017.2.174/linux/compiler/lib/intel64_lin/ -L/opt/intel/compilers_and_libraries_2017.2.174/linux/mkl/lib/intel64_lin/ -L/opt/intel/compilers_and_libraries_2017.2.174/linux/tbb/lib/intel64/gcc4.7/ -L/opt/intel/compilers_and_libraries_2017.2.174/linux/daal/lib/intel64_lin/ -L/opt/intel/compilers_and_libraries_2017.2.174/linux/daal/../tbb/lib/intel64_lin/gcc4.4/ -L/usr/lib/gcc/x86_64-redhat-linux/4.8.5/../../../ -L/lib64 -L/lib/ -L/usr/lib64 -L/usr/lib -lmpifort -lmpi -lmpigi -ldl -lrt -lpthread -lifport -lifcoremt -limf -lsvml -lm -lipgo -lirc -lirc_s >&5
configure:5050: $? = 0
configure:5095: result: none
configure:5127: checking for Fortran name-mangling scheme
configure:5140: mpiifort -c -r8 -O2 -DMPI3  conftest.f90 >&5
configure:5140: $? = 0
configure:5181: gcc -o conftest -g -O2   conftest.c cfortran_test.o   -L/opt/intel/compilers_and_libraries_2017.2.174/linux/mpi/intel64/lib/release_mt -L/opt/intel/compilers_and_libraries_2017.2.174/linux/mpi/intel64/lib -L/opt/intel//clck/2017.2.019/lib/intel64 -L/opt/intel/compilers_and_libraries_2017.2.174/linux/ipp/lib/intel64 -L/opt/intel/compilers_and_libraries_2017.2.174/linux/compiler/lib/intel64_lin -L/opt/intel/compilers_and_libraries_2017.2.174/linux/mkl/lib/intel64_lin -L/opt/intel/compilers_and_libraries_2017.2.174/linux/tbb/lib/intel64/gcc4.7 -L/opt/intel/compilers_and_libraries_2017.2.174/linux/daal/lib/intel64_lin -L/opt/intel/compilers_and_libraries_2017.2.174/linux/daal/../tbb/lib/intel64_lin/gcc4.4 -L/usr/lib/gcc/x86_64-redhat-linux/4.8.5/ -L/usr/lib/gcc/x86_64-redhat-linux/4.8.5/../../../../lib64 -L/usr/lib/gcc/x86_64-redhat-linux/4.8.5/../../../../lib64/ -L/lib/../lib64 -L/lib/../lib64/ -L/usr/lib/../lib64 -L/usr/lib/../lib64/ -L/opt/intel//clck/2017.2.019/lib/intel64/ -L/opt/intel/compilers_and_libraries_2017.2.174/linux/ipp/lib/intel64/ -L/opt/intel/compilers_and_libraries_2017.2.174/linux/compiler/lib/intel64_lin/ -L/opt/intel/compilers_and_libraries_2017.2.174/linux/mkl/lib/intel64_lin/ -L/opt/intel/compilers_and_libraries_2017.2.174/linux/tbb/lib/intel64/gcc4.7/ -L/opt/intel/compilers_and_libraries_2017.2.174/linux/daal/lib/intel64_lin/ -L/opt/intel/compilers_and_libraries_2017.2.174/linux/daal/../tbb/lib/intel64_lin/gcc4.4/ -L/usr/lib/gcc/x86_64-redhat-linux/4.8.5/../../../ -L/lib64 -L/lib/ -L/usr/lib64 -L/usr/lib -lmpifort -lmpi -lmpigi -ldl -lrt -lpthread -lifport -lifcoremt -limf -lsvml -lm -lipgo -lirc -lirc_s >&5
/tmp/ccKx73z4.o: In function `main':
/home/am13d022/afid/afid-1.1/conftest.c:30: undefined reference to `foobar'
collect2: error: ld returned 1 exit status
configure:5181: $? = 1
configure: failed program was:
| /* confdefs.h */
| #define PACKAGE_NAME "AFiD"
| #define PACKAGE_TARNAME "afid"
| #define PACKAGE_VERSION "1.1"
| #define PACKAGE_STRING "AFiD 1.1"
| #define PACKAGE_BUGREPORT "r.j.a.m.stevens@utwente.nl"
| #define PACKAGE_URL ""
| #define PACKAGE "afid"
| #define VERSION "1.1"
| /* end confdefs.h.  */
| 
| /* Override any GCC internal prototype to avoid an error.
|    Use char because int might match the return type of a GCC
|    builtin and then its argument prototype would still apply.  */
| #ifdef __cplusplus
| extern "C"
| #endif
| char foobar ();
| #ifdef FC_DUMMY_MAIN
| #ifndef FC_DUMMY_MAIN_EQ_F77
| #  ifdef __cplusplus
|      extern "C"
| #  endif
|    int FC_DUMMY_MAIN() { return 1; }
| #endif
| #endif
| int
| main ()
| {
| return foobar ();
|   ;
|   return 0;
| }
configure:5181: gcc -o conftest -g -O2   conftest.c cfortran_test.o   -L/opt/intel/compilers_and_libraries_2017.2.174/linux/mpi/intel64/lib/release_mt -L/opt/intel/compilers_and_libraries_2017.2.174/linux/mpi/intel64/lib -L/opt/intel//clck/2017.2.019/lib/intel64 -L/opt/intel/compilers_and_libraries_2017.2.174/linux/ipp/lib/intel64 -L/opt/intel/compilers_and_libraries_2017.2.174/linux/compiler/lib/intel64_lin -L/opt/intel/compilers_and_libraries_2017.2.174/linux/mkl/lib/intel64_lin -L/opt/intel/compilers_and_libraries_2017.2.174/linux/tbb/lib/intel64/gcc4.7 -L/opt/intel/compilers_and_libraries_2017.2.174/linux/daal/lib/intel64_lin -L/opt/intel/compilers_and_libraries_2017.2.174/linux/daal/../tbb/lib/intel64_lin/gcc4.4 -L/usr/lib/gcc/x86_64-redhat-linux/4.8.5/ -L/usr/lib/gcc/x86_64-redhat-linux/4.8.5/../../../../lib64 -L/usr/lib/gcc/x86_64-redhat-linux/4.8.5/../../../../lib64/ -L/lib/../lib64 -L/lib/../lib64/ -L/usr/lib/../lib64 -L/usr/lib/../lib64/ -L/opt/intel//clck/2017.2.019/lib/intel64/ -L/opt/intel/compilers_and_libraries_2017.2.174/linux/ipp/lib/intel64/ -L/opt/intel/compilers_and_libraries_2017.2.174/linux/compiler/lib/intel64_lin/ -L/opt/intel/compilers_and_libraries_2017.2.174/linux/mkl/lib/intel64_lin/ -L/opt/intel/compilers_and_libraries_2017.2.174/linux/tbb/lib/intel64/gcc4.7/ -L/opt/intel/compilers_and_libraries_2017.2.174/linux/daal/lib/intel64_lin/ -L/opt/intel/compilers_and_libraries_2017.2.174/linux/daal/../tbb/lib/intel64_lin/gcc4.4/ -L/usr/lib/gcc/x86_64-redhat-linux/4.8.5/../../../ -L/lib64 -L/lib/ -L/usr/lib64 -L/usr/lib -lmpifort -lmpi -lmpigi -ldl -lrt -lpthread -lifport -lifcoremt -limf -lsvml -lm -lipgo -lirc -lirc_s >&5
configure:5181: $? = 0
configure:5239: gcc -o conftest -g -O2   conftest.c cfortran_test.o   -L/opt/intel/compilers_and_libraries_2017.2.174/linux/mpi/intel64/lib/release_mt -L/opt/intel/compilers_and_libraries_2017.2.174/linux/mpi/intel64/lib -L/opt/intel//clck/2017.2.019/lib/intel64 -L/opt/intel/compilers_and_libraries_2017.2.174/linux/ipp/lib/intel64 -L/opt/intel/compilers_and_libraries_2017.2.174/linux/compiler/lib/intel64_lin -L/opt/intel/compilers_and_libraries_2017.2.174/linux/mkl/lib/intel64_lin -L/opt/intel/compilers_and_libraries_2017.2.174/linux/tbb/lib/intel64/gcc4.7 -L/opt/intel/compilers_and_libraries_2017.2.174/linux/daal/lib/intel64_lin -L/opt/intel/compilers_and_libraries_2017.2.174/linux/daal/../tbb/lib/intel64_lin/gcc4.4 -L/usr/lib/gcc/x86_64-redhat-linux/4.8.5/ -L/usr/lib/gcc/x86_64-redhat-linux/4.8.5/../../../../lib64 -L/usr/lib/gcc/x86_64-redhat-linux/4.8.5/../../../../lib64/ -L/lib/../lib64 -L/lib/../lib64/ -L/usr/lib/../lib64 -L/usr/lib/../lib64/ -L/opt/intel//clck/2017.2.019/lib/intel64/ -L/opt/intel/compilers_and_libraries_2017.2.174/linux/ipp/lib/intel64/ -L/opt/intel/compilers_and_libraries_2017.2.174/linux/compiler/lib/intel64_lin/ -L/opt/intel/compilers_and_libraries_2017.2.174/linux/mkl/lib/intel64_lin/ -L/opt/intel/compilers_and_libraries_2017.2.174/linux/tbb/lib/intel64/gcc4.7/ -L/opt/intel/compilers_and_libraries_2017.2.174/linux/daal/lib/intel64_lin/ -L/opt/intel/compilers_and_libraries_2017.2.174/linux/daal/../tbb/lib/intel64_lin/gcc4.4/ -L/usr/lib/gcc/x86_64-redhat-linux/4.8.5/../../../ -L/lib64 -L/lib/ -L/usr/lib64 -L/usr/lib -lmpifort -lmpi -lmpigi -ldl -lrt -lpthread -lifport -lifcoremt -limf -lsvml -lm -lipgo -lirc -lirc_s >&5
configure:5239: $? = 0
configure:5281: result: lower case, underscore, no extra underscore
configure:5380: checking if daxpy is being linked in already
configure:5387: mpiifort -o conftest -r8 -O2 -DMPI3   conftest.f90   >&5
/tmp/ifortyvssKJ.o: In function `MAIN__':
conftest.f90:(.text+0x37): undefined reference to `daxpy_'
configure:5387: $? = 1
configure: failed program was:
|       program main
|       call daxpy
|       end
configure:5392: result: no
configure:5400: checking for daxpy in -lopenblas
configure:5412: mpiifort -o conftest -r8 -O2 -DMPI3   conftest.f90 -lopenblas    >&5
ld: cannot find -lopenblas
configure:5412: $? = 1
configure: failed program was:
|       program main
|       call daxpy
|       end
configure:5422: result: no
configure:5433: checking for ATL_xerbla in -latlas
configure:5445: mpiifort -o conftest -r8 -O2 -DMPI3   conftest.f90 -latlas    >&5
ld: cannot find -latlas
configure:5445: $? = 1
configure: failed program was:
|       program main
|       call ATL_xerbla
|       end
configure:5454: result: no
configure:5520: checking for daxpy in -lblas
configure:5532: mpiifort -o conftest -r8 -O2 -DMPI3   conftest.f90 -lblas    >&5
configure:5532: $? = 0
configure:5542: result: yes
configure:5546: checking for dgemm_ in -ldgemm
configure:5558: mpiifort -o conftest -r8 -O2 -DMPI3   conftest.f90 -ldgemm -lblas   >&5
ld: cannot find -ldgemm
configure:5558: $? = 1
configure: failed program was:
|       program main
|       call dgemm_
|       end
configure:5568: result: no
configure:5682: checking for daxpy in -lmkl_intel_lp64
configure:5694: mpiifort -o conftest -r8 -O2 -DMPI3   conftest.f90 -lmkl_intel_lp64 -L/opt/intel/compilers_and_libraries_2017.2.174/linux/mkl/lib/intel64 -lmkl_intel_lp64 -lmkl_sequential -lmkl_core -lpthread   >&5
configure:5694: $? = 0
configure:5704: result: yes
configure:6177: checking for zgttrf
configure:6177: mpiifort -o conftest -r8 -O2 -DMPI3   conftest.f90  -L/opt/intel/compilers_and_libraries_2017.2.174/linux/mkl/lib/intel64 -lmkl_intel_lp64 -lmkl_sequential -lmkl_core -lpthread  >&5
configure:6177: $? = 0
configure:6177: result: yes
configure:6236: checking for fftw-wisdom
configure:6254: found /usr/bin/fftw-wisdom
configure:6266: result: /usr/bin/fftw-wisdom
configure:6286: checking for dfftw_plan_many_dft in -lfftw3
configure:6298: mpiifort -o conftest -r8 -O2 -DMPI3   conftest.f90 -lfftw3 -L/usr//lib  >&5
configure:6298: $? = 0
configure:6307: result: yes
configure:6360: checking for h5pfc
configure:6379: found /usr/local/hdf5-1.8.15/bin/h5pfc
configure:6391: result: /usr/local/hdf5-1.8.15/bin/h5pfc
configure:6428: checking for parallel HDF5 Fortran library
configure:6442: mpiifort -o conftest -I /usr/local/hdf5-1.8.15/include -L /usr/local/hdf5-1.8.15/lib    conftest.f90 -lhdf5_fortran -lhdf5  -lz -ldl -lm  >&5
conftest.f90(9): warning #6075: The data type of the actual argument does not match the definition.   [CLASSTYPE]
      call h5pset_fapl_mpio_f(classtype,comm,plist_id,hdferr)
------------------------------^
conftest.f90(9): warning #6075: The data type of the actual argument does not match the definition.   [PLIST_ID]
      call h5pset_fapl_mpio_f(classtype,comm,plist_id,hdferr)
---------------------------------------------^
configure:6442: $? = 0
configure:6449: result: yes
configure:6575: checking that generated files are newer than configure
configure:6581: result: done
configure:6607: creating ./config.status

## ---------------- ##
## Cache variables. ##
## ---------------- ##

ac_cv_build=x86_64-unknown-linux-gnu
ac_cv_c_compiler_gnu=yes
ac_cv_env_CC_set=
ac_cv_env_CC_value=
ac_cv_env_CFLAGS_set=
ac_cv_env_CFLAGS_value=
ac_cv_env_CPPFLAGS_set=
ac_cv_env_CPPFLAGS_value=
ac_cv_env_FCFLAGS_set=
ac_cv_env_FCFLAGS_value=
ac_cv_env_FC_set=
ac_cv_env_FC_value=
ac_cv_env_LDFLAGS_set=
ac_cv_env_LDFLAGS_value=
ac_cv_env_LIBS_set=
ac_cv_env_LIBS_value=
ac_cv_env_MPIFC_set=
ac_cv_env_MPIFC_value=
ac_cv_env_build_alias_set=
ac_cv_env_build_alias_value=
ac_cv_env_host_alias_set=
ac_cv_env_host_alias_value=
ac_cv_env_target_alias_set=
ac_cv_env_target_alias_value=
ac_cv_fc_compiler_gnu=no
ac_cv_fc_dummy_main=none
ac_cv_fc_libs=' -L/opt/intel/compilers_and_libraries_2017.2.174/linux/mpi/intel64/lib/release_mt -L/opt/intel/compilers_and_libraries_2017.2.174/linux/mpi/intel64/lib -L/opt/intel//clck/2017.2.019/lib/intel64 -L/opt/intel/compilers_and_libraries_2017.2.174/linux/ipp/lib/intel64 -L/opt/intel/compilers_and_libraries_2017.2.174/linux/compiler/lib/intel64_lin -L/opt/intel/compilers_and_libraries_2017.2.174/linux/mkl/lib/intel64_lin -L/opt/intel/compilers_and_libraries_2017.2.174/linux/tbb/lib/intel64/gcc4.7 -L/opt/intel/compilers_and_libraries_2017.2.174/linux/daal/lib/intel64_lin -L/opt/intel/compilers_and_libraries_2017.2.174/linux/daal/../tbb/lib/intel64_lin/gcc4.4 -L/usr/lib/gcc/x86_64-redhat-linux/4.8.5/ -L/usr/lib/gcc/x86_64-redhat-linux/4.8.5/../../../../lib64 -L/usr/lib/gcc/x86_64-redhat-linux/4.8.5/../../../../lib64/ -L/lib/../lib64 -L/lib/../lib64/ -L/usr/lib/../lib64 -L/usr/lib/../lib64/ -L/opt/intel//clck/2017.2.019/lib/intel64/ -L/opt/intel/compilers_and_libraries_2017.2.174/linux/ipp/lib/intel64/ -L/opt/intel/compilers_and_libraries_2017.2.174/linux/compiler/lib/intel64_lin/ -L/opt/intel/compilers_and_libraries_2017.2.174/linux/mkl/lib/intel64_lin/ -L/opt/intel/compilers_and_libraries_2017.2.174/linux/tbb/lib/intel64/gcc4.7/ -L/opt/intel/compilers_and_libraries_2017.2.174/linux/daal/lib/intel64_lin/ -L/opt/intel/compilers_and_libraries_2017.2.174/linux/daal/../tbb/lib/intel64_lin/gcc4.4/ -L/usr/lib/gcc/x86_64-redhat-linux/4.8.5/../../../ -L/lib64 -L/lib/ -L/usr/lib64 -L/usr/lib -lmpifort -lmpi -lmpigi -ldl -lrt -lpthread -lifport -lifcoremt -limf -lsvml -lm -lipgo -lirc -lirc_s'
ac_cv_fc_mangling='lower case, underscore, no extra underscore'
ac_cv_fc_module_ext=mod
ac_cv_fc_module_flag=-I
ac_cv_fc_pp_define=-D
ac_cv_fc_pp_srcext_F=none
ac_cv_fc_srcext_f90=none
ac_cv_fortran_dummy_main=none
ac_cv_func_zgttrf=yes
ac_cv_host=x86_64-unknown-linux-gnu
ac_cv_lib_atlas_ATL_xerbla=no
ac_cv_lib_blas_daxpy=yes
ac_cv_lib_dgemm_dgemm_=no
ac_cv_lib_fftw3_dfftw_plan_many_dft=yes
ac_cv_lib_mkl_intel_lp64_daxpy=yes
ac_cv_lib_openblas_daxpy=no
ac_cv_objext=o
ac_cv_path_FFTW3_BIN=/usr/bin/fftw-wisdom
ac_cv_path_GREP=/usr/bin/grep
ac_cv_path_H5FC=/usr/local/hdf5-1.8.15/bin/h5pfc
ac_cv_path_SED=/usr/bin/sed
ac_cv_path_install='/usr/bin/install -c'
ac_cv_path_mkdir=/usr/bin/mkdir
ac_cv_prog_AWK=gawk
ac_cv_prog_ac_ct_CC=gcc
ac_cv_prog_ac_ct_MPIFC=mpiifort
ac_cv_prog_cc_c89=
ac_cv_prog_cc_g=yes
ac_cv_prog_fc_g=yes
ac_cv_prog_fc_v=-v
ac_cv_prog_make_make_set=yes
am_cv_CC_dependencies_compiler_type=none
am_cv_make_support_nested_variables=yes

## ----------------- ##
## Output variables. ##
## ----------------- ##

ACLOCAL='${SHELL} /home/am13d022/afid/afid-1.1/missing aclocal-1.13'
AMDEPBACKSLASH='\'
AMDEP_FALSE='#'
AMDEP_TRUE=''
AMTAR='$${TAR-tar}'
AM_BACKSLASH='\'
AM_DEFAULT_V='$(AM_DEFAULT_VERBOSITY)'
AM_DEFAULT_VERBOSITY='1'
AM_V='$(V)'
AUTOCONF='${SHELL} /home/am13d022/afid/afid-1.1/missing autoconf'
AUTOHEADER='${SHELL} /home/am13d022/afid/afid-1.1/missing autoheader'
AUTOMAKE='${SHELL} /home/am13d022/afid/afid-1.1/missing automake-1.13'
AWK='gawk'
BLAS_LIBS='-L/opt/intel/compilers_and_libraries_2017.2.174/linux/mkl/lib/intel64 -lmkl_intel_lp64 -lmkl_sequential -lmkl_core -lpthread'
CC='gcc'
CCDEPMODE='depmode=none'
CFLAGS='-g -O2'
CPPFLAGS=''
CYGPATH_W='echo'
DEFS='-DHAVE_CONFIG_H'
DEPDIR='.deps'
ECHO_C=''
ECHO_N='-n'
ECHO_T=''
EXEEXT=''
FC='mpiifort'
FCFLAGS='-r8 -O2 -DMPI3 -I /usr/local/hdf5-1.8.15/include'
FCFLAGS_F=''
FCFLAGS_f90=''
FCLIBS=' -L/opt/intel/compilers_and_libraries_2017.2.174/linux/mpi/intel64/lib/release_mt -L/opt/intel/compilers_and_libraries_2017.2.174/linux/mpi/intel64/lib -L/opt/intel//clck/2017.2.019/lib/intel64 -L/opt/intel/compilers_and_libraries_2017.2.174/linux/ipp/lib/intel64 -L/opt/intel/compilers_and_libraries_2017.2.174/linux/compiler/lib/intel64_lin -L/opt/intel/compilers_and_libraries_2017.2.174/linux/mkl/lib/intel64_lin -L/opt/intel/compilers_and_libraries_2017.2.174/linux/tbb/lib/intel64/gcc4.7 -L/opt/intel/compilers_and_libraries_2017.2.174/linux/daal/lib/intel64_lin -L/opt/intel/compilers_and_libraries_2017.2.174/linux/daal/../tbb/lib/intel64_lin/gcc4.4 -L/usr/lib/gcc/x86_64-redhat-linux/4.8.5/ -L/usr/lib/gcc/x86_64-redhat-linux/4.8.5/../../../../lib64 -L/usr/lib/gcc/x86_64-redhat-linux/4.8.5/../../../../lib64/ -L/lib/../lib64 -L/lib/../lib64/ -L/usr/lib/../lib64 -L/usr/lib/../lib64/ -L/opt/intel//clck/2017.2.019/lib/intel64/ -L/opt/intel/compilers_and_libraries_2017.2.174/linux/ipp/lib/intel64/ -L/opt/intel/compilers_and_libraries_2017.2.174/linux/compiler/lib/intel64_lin/ -L/opt/intel/compilers_and_libraries_2017.2.174/linux/mkl/lib/intel64_lin/ -L/opt/intel/compilers_and_libraries_2017.2.174/linux/tbb/lib/intel64/gcc4.7/ -L/opt/intel/compilers_and_libraries_2017.2.174/linux/daal/lib/intel64_lin/ -L/opt/intel/compilers_and_libraries_2017.2.174/linux/daal/../tbb/lib/intel64_lin/gcc4.4/ -L/usr/lib/gcc/x86_64-redhat-linux/4.8.5/../../../ -L/lib64 -L/lib/ -L/usr/lib64 -L/usr/lib -lmpifort -lmpi -lmpigi -ldl -lrt -lpthread -lifport -lifcoremt -limf -lsvml -lm -lipgo -lirc -lirc_s'
FC_DEFINE='-D'
FC_MODEXT='mod'
FC_MODINC='-I'
FFTW3_BIN='/usr/bin/fftw-wisdom'
FFTW3_LIBS='-L/usr//lib -lfftw3'
GREP='/usr/bin/grep'
H5FC='/usr/local/hdf5-1.8.15/bin/h5pfc'
HDF5_LIBS='-lhdf5_fortran -lhdf5  -lz -ldl -lm '
INSTALL_DATA='${INSTALL} -m 644'
INSTALL_PROGRAM='${INSTALL}'
INSTALL_SCRIPT='${INSTALL}'
INSTALL_STRIP_PROGRAM='$(install_sh) -c -s'
LAPACK_LIBS=''
LDFLAGS=' -L /usr/local/hdf5-1.8.15/lib  '
LIBOBJS=''
LIBS=''
LTLIBOBJS=''
MAKEINFO='${SHELL} /home/am13d022/afid/afid-1.1/missing makeinfo'
MKDIR_P='/usr/bin/mkdir -p'
MPIFC='mpiifort'
OBJEXT='o'
PACKAGE='afid'
PACKAGE_BUGREPORT='r.j.a.m.stevens@utwente.nl'
PACKAGE_NAME='AFiD'
PACKAGE_STRING='AFiD 1.1'
PACKAGE_TARNAME='afid'
PACKAGE_URL=''
PACKAGE_VERSION='1.1'
PATH_SEPARATOR=':'
SED='/usr/bin/sed'
SET_MAKE=''
SHELL='/bin/sh'
STRIP=''
VERSION='1.1'
ac_ct_CC='gcc'
ac_ct_FC=''
ac_ct_MPIFC='mpiifort'
ac_empty=''
am__EXEEXT_FALSE=''
am__EXEEXT_TRUE='#'
am__fastdepCC_FALSE=''
am__fastdepCC_TRUE='#'
am__include='include'
am__isrc=''
am__leading_dot='.'
am__nodep='_no'
am__quote=''
am__tar='$${TAR-tar} chof - "$$tardir"'
am__untar='$${TAR-tar} xf -'
bindir='${exec_prefix}/bin'
build='x86_64-unknown-linux-gnu'
build_alias=''
build_cpu='x86_64'
build_os='linux-gnu'
build_vendor='unknown'
datadir='${datarootdir}'
datarootdir='${prefix}/share'
docdir='${datarootdir}/doc/${PACKAGE_TARNAME}'
dvidir='${docdir}'
exec_prefix='${prefix}'
host='x86_64-unknown-linux-gnu'
host_alias=''
host_cpu='x86_64'
host_os='linux-gnu'
host_vendor='unknown'
htmldir='${docdir}'
includedir='${prefix}/include'
infodir='${datarootdir}/info'
install_sh='${SHELL} /home/am13d022/afid/afid-1.1/install-sh'
libdir='${exec_prefix}/lib'
libexecdir='${exec_prefix}/libexec'
localedir='${datarootdir}/locale'
localstatedir='${prefix}/var'
mandir='${datarootdir}/man'
mkdir_p='$(MKDIR_P)'
oldincludedir='/usr/include'
pdfdir='${docdir}'
prefix='/usr/local'
program_transform_name='s,x,x,'
psdir='${docdir}'
sbindir='${exec_prefix}/sbin'
sharedstatedir='${prefix}/com'
sysconfdir='${prefix}/etc'
target_alias=''

## ----------- ##
## confdefs.h. ##
## ----------- ##

/* confdefs.h */
#define PACKAGE_NAME "AFiD"
#define PACKAGE_TARNAME "afid"
#define PACKAGE_VERSION "1.1"
#define PACKAGE_STRING "AFiD 1.1"
#define PACKAGE_BUGREPORT "r.j.a.m.stevens@utwente.nl"
#define PACKAGE_URL ""
#define PACKAGE "afid"
#define VERSION "1.1"

configure: exit 0

## ---------------------- ##
## Running config.status. ##
## ---------------------- ##

This file was extended by AFiD config.status 1.1, which was
generated by GNU Autoconf 2.69.  Invocation command line was

  CONFIG_FILES    = 
  CONFIG_HEADERS  = 
  CONFIG_LINKS    = 
  CONFIG_COMMANDS = 
  $ ./config.status 

on legendre

config.status:877: creating Makefile
config.status:877: creating config.h
config.status:1058: config.h is unchanged
config.status:1106: executing depfiles commands
